\BOOKMARK [1][-]{section.1}{\376\377\000Z\000a\000d\000a\000n\000i\000e\000\040\000p\000i\000e\000r\000w\000s\000z\000e}{}% 1
\BOOKMARK [2][-]{subsection.1.1}{\376\377\000R\000o\000z\000w\000i\001\005\000z\000a\000n\000i\000e}{section.1}% 2
\BOOKMARK [1][-]{section.2}{\376\377\000Z\000a\000d\000a\000n\000i\000e\000\040\000d\000r\000u\000g\000i\000e}{}% 3
\BOOKMARK [2][-]{subsection.2.1}{\376\377\000R\000o\000z\000w\000i\001\005\000z\000a\000n\000i\000e}{section.2}% 4
\BOOKMARK [1][-]{section.3}{\376\377\000Z\000a\000d\000a\000n\000i\000e\000\040\000t\000r\000z\000e\000c\000i\000e}{}% 5
\BOOKMARK [2][-]{subsection.3.1}{\376\377\000R\000o\000z\000w\000i\001\005\000z\000a\000n\000i\000e}{section.3}% 6
\BOOKMARK [1][-]{section.4}{\376\377\000Z\000a\000d\000a\000n\000i\000e\000\040\000c\000z\000w\000a\000r\000t\000e}{}% 7
\BOOKMARK [2][-]{subsection.4.1}{\376\377\000R\000o\000z\000w\000i\001\005\000z\000a\000n\000i\000e}{section.4}% 8
\BOOKMARK [1][-]{section.5}{\376\377\000Z\000a\000d\000a\000n\000i\000e\000\040\000p\000i\001\005\000t\000e}{}% 9
\BOOKMARK [2][-]{subsection.5.1}{\376\377\000R\000o\000z\000w\000i\001\005\000z\000a\000n\000i\000e}{section.5}% 10
\BOOKMARK [1][-]{section.6}{\376\377\000Z\000a\000d\000a\000n\000i\000e\000\040\000s\000z\000\363\000s\000t\000e}{}% 11
\BOOKMARK [2][-]{subsection.6.1}{\376\377\000R\000o\000z\000w\000i\001\005\000z\000a\000n\000i\000e}{section.6}% 12
\BOOKMARK [1][-]{section.7}{\376\377\000Z\000a\000d\000a\000n\000i\000e\000\040\000s\000i\000\363\000d\000m\000e}{}% 13
\BOOKMARK [2][-]{subsection.7.1}{\376\377\000R\000o\000z\000w\000i\001\005\000z\000a\000n\000i\000e}{section.7}% 14
\BOOKMARK [1][-]{section.8}{\376\377\000Z\000a\000d\000a\000n\000i\000e\000\040\000\363\000s\000m\000e}{}% 15
\BOOKMARK [2][-]{subsection.8.1}{\376\377\000R\000o\000z\000w\000i\001\005\000z\000a\000n\000i\000e}{section.8}% 16
\BOOKMARK [1][-]{section.9}{\376\377\000Z\000a\000d\000a\000n\000i\000e\000\040\000d\000z\000i\000e\000w\000i\001\005\000t\000e}{}% 17
\BOOKMARK [2][-]{subsection.9.1}{\376\377\000R\000o\000z\000w\000i\001\005\000z\000a\000n\000i\000e}{section.9}% 18
\BOOKMARK [1][-]{section.10}{\376\377\000Z\000a\000d\000a\000n\000i\000e\000\040\000d\000z\000i\000e\000s\000i\001\005\000t\000e}{}% 19
\BOOKMARK [2][-]{subsection.10.1}{\376\377\000R\000o\000z\000w\000i\001\005\000z\000a\000n\000i\000e}{section.10}% 20
\BOOKMARK [1][-]{section.11}{\376\377\000Z\000a\000d\000a\000n\000i\000e\000\040\000j\000e\000d\000e\000n\000a\000s\000t\000e}{}% 21
\BOOKMARK [2][-]{subsection.11.1}{\376\377\000R\000o\000z\000w\000i\001\005\000z\000a\000n\000i\000e}{section.11}% 22
